<?xml version="1.0" encoding="UTF-8"?>
<!-- Generated by org.testng.reporters.JUnitReportReporter -->
<testsuite skipped="0" hostname="DESKTOP-D6BEUQT" name="Practice.Hello" tests="1" failures="0" timestamp="2022-06-20T15:01:13 IST" time="0.019" errors="0">
  <testcase name="disp" time="0.019" classname="Practice.Hello"/>
</testsuite> <!-- Practice.Hello -->
